<?xml version="1.0" encoding="UTF-8" ?>
<testsuite failures="0" time="0.142" errors="0" skipped="0" tests="15" name="com.nokia.mro.TestCellGraph">
  <properties>
[...]
</properties>
  <testcase time="0.058" classname="com.nokia.mro.TestCellGraph" name="testGetSourceCell2"/>
  <testcase time="0.008" classname="com.nokia.mro.TestCellGraph" name="testGetAdjacenciesPerformance"/>
  <testcase time="0" classname="com.nokia.mro.TestCellGraph" name="testfilterKpiSetforThreshold"/>
  <testcase time="0.052" classname="com.nokia.mro.TestCellGraph" name="testgetAdjacenciesWhereKPIAboveThreshold"/>
  <testcase time="0" classname="com.nokia.mro.TestCellGraph" name="testGraphWrapper"/>
  <testcase time="0.007" classname="com.nokia.mro.TestCellGraph" name="testGetSourceCell"/>
  <testcase time="0" classname="com.nokia.mro.TestCellGraph" name="getAllKPIsOfAdjacencies"/>
  <testcase time="0.001" classname="com.nokia.mro.TestCellGraph" name="testGraphRaw"/>
  <testcase time="0.006" classname="com.nokia.mro.TestCellGraph" name="testGetTargetCellofSourceCell"/>
  <testcase time="0.001" classname="com.nokia.mro.TestCellGraph" name="testAdjacencySorting"/>
  <testcase time="0" classname="com.nokia.mro.TestCellGraph" name="testgetTargetCell"/>
  <testcase time="0.002" classname="com.nokia.mro.TestCellGraph" name="testGetAdjacencies"/>
  <testcase time="0" classname="com.nokia.mro.TestCellGraph" name="testfilterKpiSetForKpiType"/>
  <testcase time="0" classname="com.nokia.mro.TestCellGraph" name="testgetAllKPIsofScope"/>
  <testcase time="0.007" classname="com.nokia.mro.TestCellGraph" name="testGetTargetCell"/>
</testsuite>